<?xml version="1.0" encoding="UTF-8"?>
<testng-results skipped="0" failed="2" ignored="5" total="9" passed="2">
  <reporter-output>
  </reporter-output>
  <suite name="Tests" duration-ms="93040" started-at="2017-05-03T19:28:13Z" finished-at="2017-05-03T19:29:46Z">
    <groups>
      <group name="regression">
        <method signature="HomePageTest.positiveApplicationLoadingTest()[pri:0, instance:example.project.HomePageTest@5034c75a]" name="positiveApplicationLoadingTest" class="example.project.HomePageTest"/>
        <method signature="HomePageTest.positiveSearchTrainsOneWayTicket(java.lang.String, java.lang.String, java.lang.String, java.lang.String, java.lang.String)[pri:0, instance:example.project.HomePageTest@5034c75a]" name="positiveSearchTrainsOneWayTicket" class="example.project.HomePageTest"/>
      </group> <!-- regression -->
      <group name="smoke">
        <method signature="HomePageTest.positiveApplicationLoadingTest()[pri:0, instance:example.project.HomePageTest@5034c75a]" name="positiveApplicationLoadingTest" class="example.project.HomePageTest"/>
        <method signature="HomePageTest.positiveSearchTrainsOneWayTicket(java.lang.String, java.lang.String, java.lang.String, java.lang.String, java.lang.String)[pri:0, instance:example.project.HomePageTest@5034c75a]" name="positiveSearchTrainsOneWayTicket" class="example.project.HomePageTest"/>
      </group> <!-- smoke -->
    </groups>
    <test name="Test1" duration-ms="93040" started-at="2017-05-03T19:28:13Z" finished-at="2017-05-03T19:29:46Z">
      <class name="example.project.HomePageTest">
        <test-method status="PASS" signature="initTestSuite()[pri:0, instance:example.project.HomePageTest@5034c75a]" name="initTestSuite" is-config="true" duration-ms="30" started-at="2017-05-03T22:28:13Z" finished-at="2017-05-03T22:28:13Z">
          <reporter-output>
          </reporter-output>
        </test-method> <!-- initTestSuite -->
        <test-method status="PASS" signature="initWebDriver()[pri:0, instance:example.project.HomePageTest@5034c75a]" name="initWebDriver" is-config="true" duration-ms="10378" started-at="2017-05-03T22:28:13Z" finished-at="2017-05-03T22:28:23Z">
          <reporter-output>
          </reporter-output>
        </test-method> <!-- initWebDriver -->
        <test-method status="PASS" signature="initPageObjects()[pri:0, instance:example.project.HomePageTest@5034c75a]" name="initPageObjects" is-config="true" duration-ms="7843" started-at="2017-05-03T22:28:23Z" finished-at="2017-05-03T22:28:31Z">
          <reporter-output>
          </reporter-output>
        </test-method> <!-- initPageObjects -->
        <test-method status="PASS" signature="positiveApplicationLoadingTest()[pri:0, instance:example.project.HomePageTest@5034c75a]" name="positiveApplicationLoadingTest" duration-ms="286" started-at="2017-05-03T22:28:31Z" finished-at="2017-05-03T22:28:31Z">
          <reporter-output>
          </reporter-output>
        </test-method> <!-- positiveApplicationLoadingTest -->
        <test-method status="PASS" signature="initPageObjects()[pri:0, instance:example.project.HomePageTest@5034c75a]" name="initPageObjects" is-config="true" duration-ms="7815" started-at="2017-05-03T22:28:32Z" finished-at="2017-05-03T22:28:39Z">
          <reporter-output>
          </reporter-output>
        </test-method> <!-- initPageObjects -->
        <test-method status="PASS" signature="positiveSearchTrainsOneWayTicket(java.lang.String, java.lang.String, java.lang.String, java.lang.String, java.lang.String)[pri:0, instance:example.project.HomePageTest@5034c75a]" name="positiveSearchTrainsOneWayTicket" duration-ms="17990" started-at="2017-05-03T22:28:39Z" data-provider="positiveSearch" finished-at="2017-05-03T22:28:57Z">
          <params>
            <param index="0">
              <value>
                <![CDATA[AFULA]]>
              </value>
            </param>
            <param index="1">
              <value>
                <![CDATA[Ako]]>
              </value>
            </param>
            <param index="2">
              <value>
                <![CDATA[A]]>
              </value>
            </param>
            <param index="3">
              <value>
                <![CDATA[0]]>
              </value>
            </param>
            <param index="4">
              <value>
                <![CDATA[20:00]]>
              </value>
            </param>
          </params>
          <reporter-output>
          </reporter-output>
        </test-method> <!-- positiveSearchTrainsOneWayTicket -->
        <test-method status="PASS" signature="initPageObjects()[pri:0, instance:example.project.HomePageTest@5034c75a]" name="initPageObjects" is-config="true" duration-ms="7398" started-at="2017-05-03T22:28:57Z" finished-at="2017-05-03T22:29:05Z">
          <reporter-output>
          </reporter-output>
        </test-method> <!-- initPageObjects -->
        <test-method status="FAIL" signature="positiveSearchTrainsOneWayTicket(java.lang.String, java.lang.String, java.lang.String, java.lang.String, java.lang.String)[pri:0, instance:example.project.HomePageTest@5034c75a]" name="positiveSearchTrainsOneWayTicket" duration-ms="18860" started-at="2017-05-03T22:29:05Z" data-provider="positiveSearch" finished-at="2017-05-03T22:29:24Z">
          <params>
            <param index="0">
              <value>
                <![CDATA[Rehovot (E. Hadar)]]>
              </value>
            </param>
            <param index="1">
              <value>
                <![CDATA[Netanya]]>
              </value>
            </param>
            <param index="2">
              <value>
                <![CDATA[D]]>
              </value>
            </param>
            <param index="3">
              <value>
                <![CDATA[1]]>
              </value>
            </param>
            <param index="4">
              <value>
                <![CDATA[10:00]]>
              </value>
            </param>
          </params>
          <exception class="java.lang.AssertionError">
            <message>
              <![CDATA[Not passed. Some verifications are not passed. expected [true] but found [false]]]>
            </message>
            <full-stacktrace>
              <![CDATA[java.lang.AssertionError: Not passed. Some verifications are not passed. expected [true] but found [false]
	at org.testng.Assert.fail(Assert.java:93)
	at org.testng.Assert.failNotEquals(Assert.java:512)
	at org.testng.Assert.assertTrue(Assert.java:41)
	at example.project.HomePageTest.positiveSearchTrainsOneWayTicket(HomePageTest.java:80)
	at sun.reflect.NativeMethodAccessorImpl.invoke0(Native Method)
	at sun.reflect.NativeMethodAccessorImpl.invoke(NativeMethodAccessorImpl.java:62)
	at sun.reflect.DelegatingMethodAccessorImpl.invoke(DelegatingMethodAccessorImpl.java:43)
	at java.lang.reflect.Method.invoke(Method.java:498)
	at org.testng.internal.MethodInvocationHelper.invokeMethod(MethodInvocationHelper.java:108)
	at org.testng.internal.Invoker.invokeMethod(Invoker.java:661)
	at org.testng.internal.Invoker.invokeTestMethod(Invoker.java:869)
	at org.testng.internal.Invoker.invokeTestMethods(Invoker.java:1193)
	at org.testng.internal.TestMethodWorker.invokeTestMethods(TestMethodWorker.java:126)
	at org.testng.internal.TestMethodWorker.run(TestMethodWorker.java:109)
	at org.testng.TestRunner.privateRun(TestRunner.java:744)
	at org.testng.TestRunner.run(TestRunner.java:602)
	at org.testng.SuiteRunner.runTest(SuiteRunner.java:380)
	at org.testng.SuiteRunner.runSequentially(SuiteRunner.java:375)
	at org.testng.SuiteRunner.privateRun(SuiteRunner.java:340)
	at org.testng.SuiteRunner.run(SuiteRunner.java:289)
	at org.testng.SuiteRunnerWorker.runSuite(SuiteRunnerWorker.java:52)
	at org.testng.SuiteRunnerWorker.run(SuiteRunnerWorker.java:86)
	at org.testng.TestNG.runSuitesSequentially(TestNG.java:1301)
	at org.testng.TestNG.runSuitesLocally(TestNG.java:1226)
	at org.testng.TestNG.runSuites(TestNG.java:1144)
	at org.testng.TestNG.run(TestNG.java:1115)
	at org.apache.maven.surefire.testng.TestNGExecutor.run(TestNGExecutor.java:281)
	at org.apache.maven.surefire.testng.TestNGXmlTestSuite.execute(TestNGXmlTestSuite.java:75)
	at org.apache.maven.surefire.testng.TestNGProvider.invoke(TestNGProvider.java:121)
	at org.apache.maven.surefire.booter.ForkedBooter.invokeProviderInSameClassLoader(ForkedBooter.java:290)
	at org.apache.maven.surefire.booter.ForkedBooter.runSuitesInProcess(ForkedBooter.java:242)
	at org.apache.maven.surefire.booter.ForkedBooter.main(ForkedBooter.java:121)
]]>
            </full-stacktrace>
          </exception> <!-- java.lang.AssertionError -->
          <reporter-output>
          </reporter-output>
        </test-method> <!-- positiveSearchTrainsOneWayTicket -->
        <test-method status="PASS" signature="initPageObjects()[pri:0, instance:example.project.HomePageTest@5034c75a]" name="initPageObjects" is-config="true" duration-ms="7153" started-at="2017-05-03T22:29:24Z" finished-at="2017-05-03T22:29:31Z">
          <reporter-output>
          </reporter-output>
        </test-method> <!-- initPageObjects -->
        <test-method status="FAIL" signature="positiveSearchTrainsOneWayTicket(java.lang.String, java.lang.String, java.lang.String, java.lang.String, java.lang.String)[pri:0, instance:example.project.HomePageTest@5034c75a]" name="positiveSearchTrainsOneWayTicket" duration-ms="15249" started-at="2017-05-03T22:29:31Z" data-provider="positiveSearch" finished-at="2017-05-03T22:29:46Z">
          <params>
            <param index="0">
              <value>
                <![CDATA[Dimona]]>
              </value>
            </param>
            <param index="1">
              <value>
                <![CDATA[Lod]]>
              </value>
            </param>
            <param index="2">
              <value>
                <![CDATA[N]]>
              </value>
            </param>
            <param index="3">
              <value>
                <![CDATA[2]]>
              </value>
            </param>
            <param index="4">
              <value>
                <![CDATA[17:00]]>
              </value>
            </param>
          </params>
          <exception class="java.lang.AssertionError">
            <message>
              <![CDATA[Not passed. Some verifications are not passed. expected [true] but found [false]]]>
            </message>
            <full-stacktrace>
              <![CDATA[java.lang.AssertionError: Not passed. Some verifications are not passed. expected [true] but found [false]
	at org.testng.Assert.fail(Assert.java:93)
	at org.testng.Assert.failNotEquals(Assert.java:512)
	at org.testng.Assert.assertTrue(Assert.java:41)
	at example.project.HomePageTest.positiveSearchTrainsOneWayTicket(HomePageTest.java:80)
	at sun.reflect.NativeMethodAccessorImpl.invoke0(Native Method)
	at sun.reflect.NativeMethodAccessorImpl.invoke(NativeMethodAccessorImpl.java:62)
	at sun.reflect.DelegatingMethodAccessorImpl.invoke(DelegatingMethodAccessorImpl.java:43)
	at java.lang.reflect.Method.invoke(Method.java:498)
	at org.testng.internal.MethodInvocationHelper.invokeMethod(MethodInvocationHelper.java:108)
	at org.testng.internal.Invoker.invokeMethod(Invoker.java:661)
	at org.testng.internal.Invoker.invokeTestMethod(Invoker.java:869)
	at org.testng.internal.Invoker.invokeTestMethods(Invoker.java:1193)
	at org.testng.internal.TestMethodWorker.invokeTestMethods(TestMethodWorker.java:126)
	at org.testng.internal.TestMethodWorker.run(TestMethodWorker.java:109)
	at org.testng.TestRunner.privateRun(TestRunner.java:744)
	at org.testng.TestRunner.run(TestRunner.java:602)
	at org.testng.SuiteRunner.runTest(SuiteRunner.java:380)
	at org.testng.SuiteRunner.runSequentially(SuiteRunner.java:375)
	at org.testng.SuiteRunner.privateRun(SuiteRunner.java:340)
	at org.testng.SuiteRunner.run(SuiteRunner.java:289)
	at org.testng.SuiteRunnerWorker.runSuite(SuiteRunnerWorker.java:52)
	at org.testng.SuiteRunnerWorker.run(SuiteRunnerWorker.java:86)
	at org.testng.TestNG.runSuitesSequentially(TestNG.java:1301)
	at org.testng.TestNG.runSuitesLocally(TestNG.java:1226)
	at org.testng.TestNG.runSuites(TestNG.java:1144)
	at org.testng.TestNG.run(TestNG.java:1115)
	at org.apache.maven.surefire.testng.TestNGExecutor.run(TestNGExecutor.java:281)
	at org.apache.maven.surefire.testng.TestNGXmlTestSuite.execute(TestNGXmlTestSuite.java:75)
	at org.apache.maven.surefire.testng.TestNGProvider.invoke(TestNGProvider.java:121)
	at org.apache.maven.surefire.booter.ForkedBooter.invokeProviderInSameClassLoader(ForkedBooter.java:290)
	at org.apache.maven.surefire.booter.ForkedBooter.runSuitesInProcess(ForkedBooter.java:242)
	at org.apache.maven.surefire.booter.ForkedBooter.main(ForkedBooter.java:121)
]]>
            </full-stacktrace>
          </exception> <!-- java.lang.AssertionError -->
          <reporter-output>
          </reporter-output>
        </test-method> <!-- positiveSearchTrainsOneWayTicket -->
        <test-method status="PASS" signature="tearDown()[pri:0, instance:example.project.HomePageTest@5034c75a]" name="tearDown" is-config="true" duration-ms="1822" started-at="2017-05-03T22:29:46Z" finished-at="2017-05-03T22:29:48Z">
          <reporter-output>
          </reporter-output>
        </test-method> <!-- tearDown -->
      </class> <!-- example.project.HomePageTest -->
    </test> <!-- Test1 -->
  </suite> <!-- Tests -->
</testng-results>
