<?xml version="1.0" encoding="UTF-8"?>
<!-- Generated by org.testng.reporters.JUnitXMLReporter -->
<testsuite hostname="pcz5075" ignored="5" name="Test1" tests="4" failures="2" timestamp="03 May 2017 19:29:46 GMT" time="93.04" errors="0">
  <testcase name="positiveApplicationLoadingTest" time="0.286" classname="example.project.HomePageTest"/>
  <testcase name="positiveSearchTrainsOneWayTicket" time="17.99" classname="example.project.HomePageTest"/>
  <testcase name="positiveSearchTrainsOneWayTicket" time="18.86" classname="example.project.HomePageTest">
    <failure type="java.lang.AssertionError" message="Not passed. Some verifications are not passed. expected [true] but found [false]">
      <![CDATA[java.lang.AssertionError: Not passed. Some verifications are not passed. expected [true] but found [false]
	at example.project.HomePageTest.positiveSearchTrainsOneWayTicket(HomePageTest.java:80)
... Removed 31 stack frames]]>
    </failure>
  </testcase> <!-- positiveSearchTrainsOneWayTicket -->
  <testcase name="positiveSearchTrainsOneWayTicket" time="15.249" classname="example.project.HomePageTest">
    <failure type="java.lang.AssertionError" message="Not passed. Some verifications are not passed. expected [true] but found [false]">
      <![CDATA[java.lang.AssertionError: Not passed. Some verifications are not passed. expected [true] but found [false]
	at example.project.HomePageTest.positiveSearchTrainsOneWayTicket(HomePageTest.java:80)
... Removed 31 stack frames]]>
    </failure>
  </testcase> <!-- positiveSearchTrainsOneWayTicket -->
  <testcase name="negativeSearchTrainsOneWayTicket02" time="0.0" classname="example.project.HomePageTest">
    <ignored/>
  </testcase> <!-- negativeSearchTrainsOneWayTicket02 -->
  <testcase name="negativeSearchTrainsOneWayTicket05" time="0.0" classname="example.project.HomePageTest">
    <ignored/>
  </testcase> <!-- negativeSearchTrainsOneWayTicket05 -->
  <testcase name="negativeSearchTrainsOneWayTicket01" time="0.0" classname="example.project.HomePageTest">
    <ignored/>
  </testcase> <!-- negativeSearchTrainsOneWayTicket01 -->
  <testcase name="negativeSearchTrainsOneWayTicket04" time="0.0" classname="example.project.HomePageTest">
    <ignored/>
  </testcase> <!-- negativeSearchTrainsOneWayTicket04 -->
  <testcase name="negativeSearchTrainsOneWayTicket03" time="0.0" classname="example.project.HomePageTest">
    <ignored/>
  </testcase> <!-- negativeSearchTrainsOneWayTicket03 -->
</testsuite> <!-- Test1 -->
